# JRE version: OpenJDK Runtime Environment (17.0.6) (build 17.0.6+0-b2043.56-9586694)
# Java VM: OpenJDK 64-Bit Server VM (17.0.6+0-b2043.56-9586694, mixed mode, tiered, compressed oops, compressed class ptrs, g1 gc, windows-amd64)
GC Precious Log:
 CPUs: 8 total, 8 available
 Memory: 8026M
 Large Page Support: Disabled
 NUMA Support: Disabled
 Compressed Oops: Enabled (32-bit)
 Heap Region Size: 1M
 Heap Min Capacity: 8M
 Heap Initial Capacity: 126M
 Heap Max Capacity: 2G
 Pre-touch: Disabled
 Parallel Workers: 8
 Concurrent Workers: 2
 Concurrent Refinement Workers: 8
 Periodic GC: Disabled
Heap:
 garbage-first heap   total 129024K, used 72057K [0x0000000080000000, 0x0000000100000000)
  region size 1024K, 4 young (4096K), 4 survivors (4096K)
 Metaspace       used 80700K, committed 81280K, reserved 1122304K
  class space    used 10980K, committed 11264K, reserved 1048576K
GC Heap History (20 events):
Event: 15.125 GC heap after
{Heap after GC invocations=32 (full 0):
 garbage-first heap   total 114688K, used 51016K [0x0000000080000000, 0x0000000100000000)
  region size 1024K, 1 young (1024K), 1 survivors (1024K)
 Metaspace       used 63617K, committed 64128K, reserved 1105920K
  class space    used 8389K, committed 8576K, reserved 1048576K
}
Event: 15.684 GC heap before
{Heap before GC invocations=32 (full 0):
 garbage-first heap   total 114688K, used 66376K [0x0000000080000000, 0x0000000100000000)
  region size 1024K, 17 young (17408K), 1 survivors (1024K)
 Metaspace       used 64815K, committed 65280K, reserved 1114112K
  class space    used 8521K, committed 8704K, reserved 1048576K
}
Event: 15.686 GC heap after
{Heap after GC invocations=33 (full 0):
 garbage-first heap   total 114688K, used 52192K [0x0000000080000000, 0x0000000100000000)
  region size 1024K, 2 young (2048K), 2 survivors (2048K)
 Metaspace       used 64815K, committed 65280K, reserved 1114112K
  class space    used 8521K, committed 8704K, reserved 1048576K
}
Event: 16.422 GC heap before
{Heap before GC invocations=33 (full 0):
 garbage-first heap   total 114688K, used 87008K [0x0000000080000000, 0x0000000100000000)
  region size 1024K, 35 young (35840K), 2 survivors (2048K)
 Metaspace       used 65746K, committed 66176K, reserved 1114112K
  class space    used 8668K, committed 8832K, reserved 1048576K
}
Event: 16.426 GC heap after
{Heap after GC invocations=34 (full 0):
 garbage-first heap   total 114688K, used 54362K [0x0000000080000000, 0x0000000100000000)
  region size 1024K, 5 young (5120K), 5 survivors (5120K)
 Metaspace       used 65746K, committed 66176K, reserved 1114112K
  class space    used 8668K, committed 8832K, reserved 1048576K
}
Event: 17.022 GC heap before
{Heap before GC invocations=34 (full 0):
 garbage-first heap   total 114688K, used 87130K [0x0000000080000000, 0x0000000100000000)
  region size 1024K, 37 young (37888K), 5 survivors (5120K)
 Metaspace       used 68603K, committed 69120K, reserved 1114112K
  class space    used 9130K, committed 9344K, reserved 1048576K
}
Event: 17.026 GC heap after
{Heap after GC invocations=35 (full 0):
 garbage-first heap   total 114688K, used 56840K [0x0000000080000000, 0x0000000100000000)
  region size 1024K, 5 young (5120K), 5 survivors (5120K)
 Metaspace       used 68603K, committed 69120K, reserved 1114112K
  class space    used 9130K, committed 9344K, reserved 1048576K
}
Event: 17.657 GC heap before
{Heap before GC invocations=35 (full 0):
 garbage-first heap   total 114688K, used 89608K [0x0000000080000000, 0x0000000100000000)
  region size 1024K, 37 young (37888K), 5 survivors (5120K)
 Metaspace       used 72483K, committed 73024K, reserved 1114112K
  class space    used 9814K, committed 10048K, reserved 1048576K
}
Event: 17.664 GC heap after
{Heap after GC invocations=36 (full 0):
 garbage-first heap   total 114688K, used 59121K [0x0000000080000000, 0x0000000100000000)
  region size 1024K, 5 young (5120K), 5 survivors (5120K)
 Metaspace       used 72483K, committed 73024K, reserved 1114112K
  class space    used 9814K, committed 10048K, reserved 1048576K
}
Event: 18.639 GC heap before
{Heap before GC invocations=37 (full 0):
 garbage-first heap   total 114688K, used 91889K [0x0000000080000000, 0x0000000100000000)
  region size 1024K, 37 young (37888K), 5 survivors (5120K)
 Metaspace       used 76062K, committed 76608K, reserved 1122304K
  class space    used 10387K, committed 10624K, reserved 1048576K
}
Event: 18.645 GC heap after
{Heap after GC invocations=38 (full 0):
 garbage-first heap   total 114688K, used 61111K [0x0000000080000000, 0x0000000100000000)
  region size 1024K, 5 young (5120K), 5 survivors (5120K)
 Metaspace       used 76062K, committed 76608K, reserved 1122304K
  class space    used 10387K, committed 10624K, reserved 1048576K
}
Event: 18.663 GC heap before
{Heap before GC invocations=38 (full 0):
 garbage-first heap   total 114688K, used 62135K [0x0000000080000000, 0x0000000100000000)
  region size 1024K, 6 young (6144K), 5 survivors (5120K)
 Metaspace       used 76179K, committed 76736K, reserved 1122304K
  class space    used 10412K, committed 10624K, reserved 1048576K
}
Event: 18.667 GC heap after
{Heap after GC invocations=39 (full 0):
 garbage-first heap   total 114688K, used 61239K [0x0000000080000000, 0x0000000100000000)
  region size 1024K, 1 young (1024K), 1 survivors (1024K)
 Metaspace       used 76179K, committed 76736K, reserved 1122304K
  class space    used 10412K, committed 10624K, reserved 1048576K
}
Event: 19.908 GC heap before
{Heap before GC invocations=39 (full 0):
 garbage-first heap   total 114688K, used 92983K [0x0000000080000000, 0x0000000100000000)
  region size 1024K, 32 young (32768K), 1 survivors (1024K)
 Metaspace       used 79670K, committed 80256K, reserved 1122304K
  class space    used 10851K, committed 11136K, reserved 1048576K
}
Event: 19.912 GC heap after
{Heap after GC invocations=40 (full 0):
 garbage-first heap   total 114688K, used 63357K [0x0000000080000000, 0x0000000100000000)
  region size 1024K, 3 young (3072K), 3 survivors (3072K)
 Metaspace       used 79670K, committed 80256K, reserved 1122304K
  class space    used 10851K, committed 11136K, reserved 1048576K
}
Event: 20.508 GC heap before
{Heap before GC invocations=41 (full 0):
 garbage-first heap   total 114688K, used 94077K [0x0000000080000000, 0x0000000100000000)
  region size 1024K, 33 young (33792K), 3 survivors (3072K)
 Metaspace       used 80653K, committed 81280K, reserved 1122304K
  class space    used 10976K, committed 11264K, reserved 1048576K
}
Event: 20.513 GC heap after
{Heap after GC invocations=42 (full 0):
 garbage-first heap   total 114688K, used 67346K [0x0000000080000000, 0x0000000100000000)
  region size 1024K, 4 young (4096K), 4 survivors (4096K)
 Metaspace       used 80653K, committed 81280K, reserved 1122304K
  class space    used 10976K, committed 11264K, reserved 1048576K
}
Event: 20.521 GC heap before
{Heap before GC invocations=42 (full 0):
 garbage-first heap   total 114688K, used 68370K [0x0000000080000000, 0x0000000100000000)
  region size 1024K, 5 young (5120K), 4 survivors (4096K)
 Metaspace       used 80654K, committed 81280K, reserved 1122304K
  class space    used 10976K, committed 11264K, reserved 1048576K
}
Event: 20.525 GC heap after
{Heap after GC invocations=43 (full 0):
 garbage-first heap   total 114688K, used 67736K [0x0000000080000000, 0x0000000100000000)
  region size 1024K, 1 young (1024K), 1 survivors (1024K)
 Metaspace       used 80654K, committed 81280K, reserved 1122304K
  class space    used 10976K, committed 11264K, reserved 1048576K
}
Event: 20.704 GC heap before
{Heap before GC invocations=43 (full 0):
 garbage-first heap   total 114688K, used 93336K [0x0000000080000000, 0x0000000100000000)
  region size 1024K, 26 young (26624K), 1 survivors (1024K)
 Metaspace       used 80700K, committed 81280K, reserved 1122304K
  class space    used 10980K, committed 11264K, reserved 1048576K
}

