# JRE version: OpenJDK Runtime Environment (17.0.6) (build 17.0.6+0-b2043.56-9586694)
# Java VM: OpenJDK 64-Bit Server VM (17.0.6+0-b2043.56-9586694, mixed mode, tiered, compressed oops, compressed class ptrs, g1 gc, windows-amd64)
GC Precious Log:
 CPUs: 8 total, 8 available
 Memory: 8026M
 Large Page Support: Disabled
 NUMA Support: Disabled
 Compressed Oops: Enabled (32-bit)
 Heap Region Size: 1M
 Heap Min Capacity: 8M
 Heap Initial Capacity: 126M
 Heap Max Capacity: 2G
 Pre-touch: Disabled
 Parallel Workers: 8
 Concurrent Workers: 2
 Concurrent Refinement Workers: 8
 Periodic GC: Disabled
Heap:
 garbage-first heap   total 214016K, used 157678K [0x0000000080000000, 0x0000000100000000)
  region size 1024K, 42 young (43008K), 5 survivors (5120K)
 Metaspace       used 109280K, committed 110016K, reserved 1146880K
  class space    used 15032K, committed 15360K, reserved 1048576K
GC Heap History (20 events):
Event: 13.707 GC heap before
{Heap before GC invocations=38 (full 0):
 garbage-first heap   total 168960K, used 135874K [0x0000000080000000, 0x0000000100000000)
  region size 1024K, 61 young (62464K), 8 survivors (8192K)
 Metaspace       used 84216K, committed 84864K, reserved 1122304K
  class space    used 11520K, committed 11840K, reserved 1048576K
}
Event: 13.716 GC heap after
{Heap after GC invocations=39 (full 0):
 garbage-first heap   total 168960K, used 86211K [0x0000000080000000, 0x0000000100000000)
  region size 1024K, 8 young (8192K), 8 survivors (8192K)
 Metaspace       used 84216K, committed 84864K, reserved 1122304K
  class space    used 11520K, committed 11840K, reserved 1048576K
}
Event: 14.276 GC heap before
{Heap before GC invocations=39 (full 0):
 garbage-first heap   total 168960K, used 137411K [0x0000000080000000, 0x0000000100000000)
  region size 1024K, 59 young (60416K), 8 survivors (8192K)
 Metaspace       used 85623K, committed 86336K, reserved 1130496K
  class space    used 11663K, committed 11968K, reserved 1048576K
}
Event: 14.287 GC heap after
{Heap after GC invocations=40 (full 0):
 garbage-first heap   total 202752K, used 90800K [0x0000000080000000, 0x0000000100000000)
  region size 1024K, 8 young (8192K), 8 survivors (8192K)
 Metaspace       used 85623K, committed 86336K, reserved 1130496K
  class space    used 11663K, committed 11968K, reserved 1048576K
}
Event: 17.758 GC heap before
{Heap before GC invocations=41 (full 0):
 garbage-first heap   total 202752K, used 165552K [0x0000000080000000, 0x0000000100000000)
  region size 1024K, 80 young (81920K), 8 survivors (8192K)
 Metaspace       used 93037K, committed 93632K, reserved 1130496K
  class space    used 12587K, committed 12864K, reserved 1048576K
}
Event: 17.771 GC heap after
{Heap after GC invocations=42 (full 0):
 garbage-first heap   total 202752K, used 105196K [0x0000000080000000, 0x0000000100000000)
  region size 1024K, 10 young (10240K), 10 survivors (10240K)
 Metaspace       used 93037K, committed 93632K, reserved 1130496K
  class space    used 12587K, committed 12864K, reserved 1048576K
}
Event: 17.794 GC heap before
{Heap before GC invocations=42 (full 0):
 garbage-first heap   total 202752K, used 106220K [0x0000000080000000, 0x0000000100000000)
  region size 1024K, 11 young (11264K), 10 survivors (10240K)
 Metaspace       used 93050K, committed 93696K, reserved 1130496K
  class space    used 12587K, committed 12864K, reserved 1048576K
}
Event: 17.801 GC heap after
{Heap after GC invocations=43 (full 0):
 garbage-first heap   total 202752K, used 107163K [0x0000000080000000, 0x0000000100000000)
  region size 1024K, 2 young (2048K), 2 survivors (2048K)
 Metaspace       used 93050K, committed 93696K, reserved 1130496K
  class space    used 12587K, committed 12864K, reserved 1048576K
}
Event: 19.293 GC heap before
{Heap before GC invocations=43 (full 0):
 garbage-first heap   total 202752K, used 162459K [0x0000000080000000, 0x0000000100000000)
  region size 1024K, 56 young (57344K), 2 survivors (2048K)
 Metaspace       used 95350K, committed 96064K, reserved 1138688K
  class space    used 12827K, committed 13120K, reserved 1048576K
}
Event: 19.306 GC heap after
{Heap after GC invocations=44 (full 0):
 garbage-first heap   total 202752K, used 113102K [0x0000000080000000, 0x0000000100000000)
  region size 1024K, 7 young (7168K), 7 survivors (7168K)
 Metaspace       used 95350K, committed 96064K, reserved 1138688K
  class space    used 12827K, committed 13120K, reserved 1048576K
}
Event: 20.237 GC heap before
{Heap before GC invocations=45 (full 0):
 garbage-first heap   total 203776K, used 163278K [0x0000000080000000, 0x0000000100000000)
  region size 1024K, 56 young (57344K), 7 survivors (7168K)
 Metaspace       used 96004K, committed 96704K, reserved 1138688K
  class space    used 12839K, committed 13120K, reserved 1048576K
}
Event: 20.246 GC heap after
{Heap after GC invocations=46 (full 0):
 garbage-first heap   total 203776K, used 115090K [0x0000000080000000, 0x0000000100000000)
  region size 1024K, 3 young (3072K), 3 survivors (3072K)
 Metaspace       used 96004K, committed 96704K, reserved 1138688K
  class space    used 12839K, committed 13120K, reserved 1048576K
}
Event: 20.484 GC heap before
{Heap before GC invocations=46 (full 0):
 garbage-first heap   total 203776K, used 120210K [0x0000000080000000, 0x0000000100000000)
  region size 1024K, 9 young (9216K), 3 survivors (3072K)
 Metaspace       used 96195K, committed 96896K, reserved 1138688K
  class space    used 12862K, committed 13184K, reserved 1048576K
}
Event: 20.488 GC heap after
{Heap after GC invocations=47 (full 0):
 garbage-first heap   total 203776K, used 115155K [0x0000000080000000, 0x0000000100000000)
  region size 1024K, 1 young (1024K), 1 survivors (1024K)
 Metaspace       used 96195K, committed 96896K, reserved 1138688K
  class space    used 12862K, committed 13184K, reserved 1048576K
}
Event: 21.254 GC heap before
{Heap before GC invocations=47 (full 0):
 garbage-first heap   total 203776K, used 165331K [0x0000000080000000, 0x0000000100000000)
  region size 1024K, 51 young (52224K), 1 survivors (1024K)
 Metaspace       used 96590K, committed 97280K, reserved 1138688K
  class space    used 12917K, committed 13248K, reserved 1048576K
}
Event: 21.260 GC heap after
{Heap after GC invocations=48 (full 0):
 garbage-first heap   total 203776K, used 118279K [0x0000000080000000, 0x0000000100000000)
  region size 1024K, 4 young (4096K), 4 survivors (4096K)
 Metaspace       used 96590K, committed 97280K, reserved 1138688K
  class space    used 12917K, committed 13248K, reserved 1048576K
}
Event: 21.821 GC heap before
{Heap before GC invocations=48 (full 0):
 garbage-first heap   total 203776K, used 167431K [0x0000000080000000, 0x0000000100000000)
  region size 1024K, 53 young (54272K), 4 survivors (4096K)
 Metaspace       used 96951K, committed 97728K, reserved 1138688K
  class space    used 12964K, committed 13312K, reserved 1048576K
}
Event: 21.829 GC heap after
{Heap after GC invocations=49 (full 0):
 garbage-first heap   total 203776K, used 121236K [0x0000000080000000, 0x0000000100000000)
  region size 1024K, 7 young (7168K), 7 survivors (7168K)
 Metaspace       used 96951K, committed 97728K, reserved 1138688K
  class space    used 12964K, committed 13312K, reserved 1048576K
}
Event: 23.617 GC heap before
{Heap before GC invocations=49 (full 0):
 garbage-first heap   total 203776K, used 168340K [0x0000000080000000, 0x0000000100000000)
  region size 1024K, 54 young (55296K), 7 survivors (7168K)
 Metaspace       used 106324K, committed 107008K, reserved 1146880K
  class space    used 14408K, committed 14720K, reserved 1048576K
}
Event: 23.624 GC heap after
{Heap after GC invocations=50 (full 0):
 garbage-first heap   total 203776K, used 122862K [0x0000000080000000, 0x0000000100000000)
  region size 1024K, 5 young (5120K), 5 survivors (5120K)
 Metaspace       used 106324K, committed 107008K, reserved 1146880K
  class space    used 14408K, committed 14720K, reserved 1048576K
}

