# JRE version: OpenJDK Runtime Environment (17.0.6) (build 17.0.6+0-b2043.56-9586694)
# Java VM: OpenJDK 64-Bit Server VM (17.0.6+0-b2043.56-9586694, mixed mode, tiered, compressed oops, compressed class ptrs, g1 gc, windows-amd64)
GC Precious Log:
 CPUs: 8 total, 8 available
 Memory: 8026M
 Large Page Support: Disabled
 NUMA Support: Disabled
 Compressed Oops: Enabled (32-bit)
 Heap Region Size: 1M
 Heap Min Capacity: 8M
 Heap Initial Capacity: 126M
 Heap Max Capacity: 2G
 Pre-touch: Disabled
 Parallel Workers: 8
 Concurrent Workers: 2
 Concurrent Refinement Workers: 8
 Periodic GC: Disabled
Heap:
 garbage-first heap   total 129024K, used 76643K [0x0000000080000000, 0x0000000100000000)
  region size 1024K, 1 young (1024K), 1 survivors (1024K)
 Metaspace       used 83227K, committed 83776K, reserved 1122304K
  class space    used 11480K, committed 11712K, reserved 1048576K
GC Heap History (20 events):
Event: 7.900 GC heap after
{Heap after GC invocations=22 (full 0):
 garbage-first heap   total 101376K, used 52161K [0x0000000080000000, 0x0000000100000000)
  region size 1024K, 1 young (1024K), 1 survivors (1024K)
 Metaspace       used 64703K, committed 65280K, reserved 1114112K
  class space    used 8506K, committed 8768K, reserved 1048576K
}
Event: 8.159 GC heap before
{Heap before GC invocations=23 (full 0):
 garbage-first heap   total 101376K, used 79809K [0x0000000080000000, 0x0000000100000000)
  region size 1024K, 27 young (27648K), 1 survivors (1024K)
 Metaspace       used 65620K, committed 66176K, reserved 1114112K
  class space    used 8651K, committed 8896K, reserved 1048576K
}
Event: 8.163 GC heap after
{Heap after GC invocations=24 (full 0):
 garbage-first heap   total 101376K, used 53438K [0x0000000080000000, 0x0000000100000000)
  region size 1024K, 3 young (3072K), 3 survivors (3072K)
 Metaspace       used 65620K, committed 66176K, reserved 1114112K
  class space    used 8651K, committed 8896K, reserved 1048576K
}
Event: 8.427 GC heap before
{Heap before GC invocations=24 (full 0):
 garbage-first heap   total 101376K, used 79038K [0x0000000080000000, 0x0000000100000000)
  region size 1024K, 28 young (28672K), 3 survivors (3072K)
 Metaspace       used 66848K, committed 67456K, reserved 1114112K
  class space    used 8813K, committed 9088K, reserved 1048576K
}
Event: 8.432 GC heap after
{Heap after GC invocations=25 (full 0):
 garbage-first heap   total 121856K, used 55857K [0x0000000080000000, 0x0000000100000000)
  region size 1024K, 4 young (4096K), 4 survivors (4096K)
 Metaspace       used 66848K, committed 67456K, reserved 1114112K
  class space    used 8813K, committed 9088K, reserved 1048576K
}
Event: 9.053 GC heap before
{Heap before GC invocations=26 (full 0):
 garbage-first heap   total 121856K, used 93745K [0x0000000080000000, 0x0000000100000000)
  region size 1024K, 41 young (41984K), 4 survivors (4096K)
 Metaspace       used 71522K, committed 72064K, reserved 1114112K
  class space    used 9662K, committed 9920K, reserved 1048576K
}
Event: 9.059 GC heap after
{Heap after GC invocations=27 (full 0):
 garbage-first heap   total 121856K, used 58286K [0x0000000080000000, 0x0000000100000000)
  region size 1024K, 5 young (5120K), 5 survivors (5120K)
 Metaspace       used 71522K, committed 72064K, reserved 1114112K
  class space    used 9662K, committed 9920K, reserved 1048576K
}
Event: 9.668 GC heap before
{Heap before GC invocations=27 (full 0):
 garbage-first heap   total 121856K, used 96174K [0x0000000080000000, 0x0000000100000000)
  region size 1024K, 42 young (43008K), 5 survivors (5120K)
 Metaspace       used 75457K, committed 75968K, reserved 1122304K
  class space    used 10255K, committed 10496K, reserved 1048576K
}
Event: 9.674 GC heap after
{Heap after GC invocations=28 (full 0):
 garbage-first heap   total 121856K, used 60763K [0x0000000080000000, 0x0000000100000000)
  region size 1024K, 5 young (5120K), 5 survivors (5120K)
 Metaspace       used 75457K, committed 75968K, reserved 1122304K
  class space    used 10255K, committed 10496K, reserved 1048576K
}
Event: 10.285 GC heap before
{Heap before GC invocations=28 (full 0):
 garbage-first heap   total 121856K, used 97627K [0x0000000080000000, 0x0000000100000000)
  region size 1024K, 41 young (41984K), 5 survivors (5120K)
 Metaspace       used 79611K, committed 80256K, reserved 1122304K
  class space    used 10838K, committed 11136K, reserved 1048576K
}
Event: 10.291 GC heap after
{Heap after GC invocations=29 (full 0):
 garbage-first heap   total 121856K, used 63681K [0x0000000080000000, 0x0000000100000000)
  region size 1024K, 6 young (6144K), 6 survivors (6144K)
 Metaspace       used 79611K, committed 80256K, reserved 1122304K
  class space    used 10838K, committed 11136K, reserved 1048576K
}
Event: 10.700 GC heap before
{Heap before GC invocations=30 (full 0):
 garbage-first heap   total 121856K, used 98497K [0x0000000080000000, 0x0000000100000000)
  region size 1024K, 40 young (40960K), 6 survivors (6144K)
 Metaspace       used 80567K, committed 81152K, reserved 1122304K
  class space    used 10962K, committed 11200K, reserved 1048576K
}
Event: 10.709 GC heap after
{Heap after GC invocations=31 (full 0):
 garbage-first heap   total 121856K, used 68628K [0x0000000080000000, 0x0000000100000000)
  region size 1024K, 5 young (5120K), 5 survivors (5120K)
 Metaspace       used 80567K, committed 81152K, reserved 1122304K
  class space    used 10962K, committed 11200K, reserved 1048576K
}
Event: 10.715 GC heap before
{Heap before GC invocations=31 (full 0):
 garbage-first heap   total 121856K, used 69652K [0x0000000080000000, 0x0000000100000000)
  region size 1024K, 6 young (6144K), 5 survivors (5120K)
 Metaspace       used 80567K, committed 81152K, reserved 1122304K
  class space    used 10962K, committed 11200K, reserved 1048576K
}
Event: 10.719 GC heap after
{Heap after GC invocations=32 (full 0):
 garbage-first heap   total 121856K, used 69218K [0x0000000080000000, 0x0000000100000000)
  region size 1024K, 1 young (1024K), 1 survivors (1024K)
 Metaspace       used 80567K, committed 81152K, reserved 1122304K
  class space    used 10962K, committed 11200K, reserved 1048576K
}
Event: 11.255 GC heap before
{Heap before GC invocations=32 (full 0):
 garbage-first heap   total 121856K, used 98914K [0x0000000080000000, 0x0000000100000000)
  region size 1024K, 30 young (30720K), 1 survivors (1024K)
 Metaspace       used 81465K, committed 82048K, reserved 1122304K
  class space    used 11158K, committed 11456K, reserved 1048576K
}
Event: 11.262 GC heap after
{Heap after GC invocations=33 (full 0):
 garbage-first heap   total 121856K, used 73072K [0x0000000080000000, 0x0000000100000000)
  region size 1024K, 4 young (4096K), 4 survivors (4096K)
 Metaspace       used 81465K, committed 82048K, reserved 1122304K
  class space    used 11158K, committed 11456K, reserved 1048576K
}
Event: 12.151 GC heap before
{Heap before GC invocations=34 (full 0):
 garbage-first heap   total 128000K, used 98672K [0x0000000080000000, 0x0000000100000000)
  region size 1024K, 29 young (29696K), 4 survivors (4096K)
 Metaspace       used 83184K, committed 83776K, reserved 1122304K
  class space    used 11476K, committed 11712K, reserved 1048576K
}
Event: 12.161 GC heap after
{Heap after GC invocations=35 (full 0):
 garbage-first heap   total 128000K, used 76098K [0x0000000080000000, 0x0000000100000000)
  region size 1024K, 3 young (3072K), 3 survivors (3072K)
 Metaspace       used 83184K, committed 83776K, reserved 1122304K
  class space    used 11476K, committed 11712K, reserved 1048576K
}
Event: 12.199 GC heap before
{Heap before GC invocations=35 (full 0):
 garbage-first heap   total 128000K, used 79170K [0x0000000080000000, 0x0000000100000000)
  region size 1024K, 6 young (6144K), 3 survivors (3072K)
 Metaspace       used 83227K, committed 83776K, reserved 1122304K
  class space    used 11480K, committed 11712K, reserved 1048576K
}

